Build started 21-Aug-15 0:18:28.
     1>Project "A:\VerrevBreakout\VerrevBreakout\VerrevBreakout.vcxproj" on node 2 (Rebuild target(s)).
     1>ClCompile:
         C:\Program Files (x86)\Microsoft Visual Studio 14.0\VC\bin\CL.exe /c /I"C:\Program Files (x86)\Visual Leak Detector\include" /ZI /nologo /W3 /WX- /sdl /Od /Oy- /D WIN32 /D _DEBUG /D _WINDOWS /D _MBCS /Gm /EHsc /RTC1 /MDd /GS /fp:precise /Zc:wchar_t /Zc:forScope /Zc:inline /Fo"Debug\\" /Fd"Debug\vc140.pdb" /Gd /TP /analyze- /errorReport:prompt CBreakoutGame.cpp CBreakoutStateFactory.cpp CConsoleState.cpp CGameState.cpp CMenuState.cpp main.cpp
         main.cpp
         CMenuState.cpp
         CGameState.cpp
     1>a:\verrevbreakout\verrevbreakout\cgamestate.cpp(52): warning C4244: 'argument': conversion from 'time_t' to 'unsigned int', possible loss of data
     1>a:\verrevbreakout\verrevbreakout\cgamestate.cpp(59): warning C4244: 'initializing': conversion from 'double' to 'float', possible loss of data
     1>a:\verrevbreakout\verrevbreakout\cgamestate.cpp(60): warning C4244: 'initializing': conversion from 'int' to 'float', possible loss of data
     1>a:\verrevbreakout\verrevbreakout\cgamestate.cpp(61): warning C4244: 'initializing': conversion from 'double' to 'float', possible loss of data
     1>a:\verrevbreakout\verrevbreakout\cgamestate.cpp(95): warning C4018: '<': signed/unsigned mismatch
         CConsoleState.cpp
         CBreakoutStateFactory.cpp
         CBreakoutGame.cpp
         Generating Code...
       Link:
         C:\Program Files (x86)\Microsoft Visual Studio 14.0\VC\bin\link.exe /ERRORREPORT:PROMPT /OUT:"A:\VerrevBreakout\Debug\VerrevBreakout.exe" /INCREMENTAL /NOLOGO /LIBPATH:"C:\Program Files (x86)\Visual Leak Detector\lib\Win32" kernel32.lib user32.lib gdi32.lib winspool.lib comdlg32.lib advapi32.lib shell32.lib ole32.lib oleaut32.lib uuid.lib odbc32.lib odbccp32.lib /MANIFEST /MANIFESTUAC:"level='asInvoker' uiAccess='false'" /manifest:embed /Debug /PDB:"A:\VerrevBreakout\Debug\VerrevBreakout.pdb" /SUBSYSTEM:WINDOWS /TLBID:1 /DYNAMICBASE /NXCOMPAT /IMPLIB:"A:\VerrevBreakout\Debug\VerrevBreakout.lib" /MACHINE:X86 Debug\CBreakoutGame.obj
         Debug\CBreakoutStateFactory.obj
         Debug\CConsoleState.obj
         Debug\CGameState.obj
         Debug\CMenuState.obj
         Debug\main.obj
         VerrevBreakout.vcxproj -> A:\VerrevBreakout\Debug\VerrevBreakout.exe
     1>Done Building Project "A:\VerrevBreakout\VerrevBreakout\VerrevBreakout.vcxproj" (Rebuild target(s)).

Build succeeded.

Time Elapsed 00:00:08.68
