Build started 21-Aug-15 0:19:12.
     1>Project "A:\VerrevBreakout\VerrevBreakout\VerrevBreakout.vcxproj" on node 2 (Build target(s)).
     1>ClCompile:
         C:\Program Files (x86)\Microsoft Visual Studio 14.0\VC\bin\CL.exe /c /I"C:\Program Files (x86)\Visual Leak Detector\include" /Zi /nologo /W3 /WX- /sdl /O2 /Oi /Oy- /GL /D WIN32 /D NDEBUG /D _WINDOWS /D _MBCS /Gm- /EHsc /MD /GS /Gy /fp:precise /Zc:wchar_t /Zc:forScope /Zc:inline /Fo"Release\\" /Fd"Release\vc140.pdb" /Gd /TP /analyze- /errorReport:prompt main.cpp
         main.cpp
       Link:
         C:\Program Files (x86)\Microsoft Visual Studio 14.0\VC\bin\link.exe /ERRORREPORT:PROMPT /OUT:"A:\VerrevBreakout\Release\VerrevBreakout.exe" /INCREMENTAL:NO /NOLOGO /LIBPATH:"C:\Program Files (x86)\Visual Leak Detector\lib\Win32" kernel32.lib user32.lib gdi32.lib winspool.lib comdlg32.lib advapi32.lib shell32.lib ole32.lib oleaut32.lib uuid.lib odbc32.lib odbccp32.lib /MANIFEST /MANIFESTUAC:"level='asInvoker' uiAccess='false'" /manifest:embed /Debug /PDB:"A:\VerrevBreakout\Release\VerrevBreakout.pdb" /SUBSYSTEM:WINDOWS /OPT:REF /OPT:ICF /LTCG:incremental /TLBID:1 /DYNAMICBASE /NXCOMPAT /IMPLIB:"A:\VerrevBreakout\Release\VerrevBreakout.lib" /MACHINE:X86 /SAFESEH Release\CBreakoutGame.obj
         Release\CBreakoutStateFactory.obj
         Release\CConsoleState.obj
         Release\CGameState.obj
         Release\CMenuState.obj
         Release\main.obj
         Generating code
         0 of 1707 functions ( 0.0%) were compiled, the rest were copied from previous compilation.
           0 functions were new in current compilation
           0 functions had inline decision re-evaluated but remain unchanged
         Finished generating code
         VerrevBreakout.vcxproj -> A:\VerrevBreakout\Release\VerrevBreakout.exe
     1>Done Building Project "A:\VerrevBreakout\VerrevBreakout\VerrevBreakout.vcxproj" (Build target(s)).

Build succeeded.

Time Elapsed 00:00:02.29
